[2020-06-12 15:37:59,232] {taskinstance.py:669} INFO - Dependencies all met for <TaskInstance: dataops.modeling 2020-06-11T00:00:00+00:00 [queued]>
[2020-06-12 15:37:59,259] {taskinstance.py:669} INFO - Dependencies all met for <TaskInstance: dataops.modeling 2020-06-11T00:00:00+00:00 [queued]>
[2020-06-12 15:37:59,259] {taskinstance.py:879} INFO - 
--------------------------------------------------------------------------------
[2020-06-12 15:37:59,260] {taskinstance.py:880} INFO - Starting attempt 14 of 17
[2020-06-12 15:37:59,260] {taskinstance.py:881} INFO - 
--------------------------------------------------------------------------------
[2020-06-12 15:37:59,282] {taskinstance.py:900} INFO - Executing <Task(BashOperator): modeling> on 2020-06-11T00:00:00+00:00
[2020-06-12 15:37:59,285] {standard_task_runner.py:53} INFO - Started process 27138 to run task
[2020-06-12 15:37:59,360] {logging_mixin.py:112} INFO - Running %s on host %s <TaskInstance: dataops.modeling 2020-06-11T00:00:00+00:00 [running]> vinicius-Latitude-3480
[2020-06-12 15:37:59,385] {bash_operator.py:82} INFO - Tmp dir root location: 
 /tmp
[2020-06-12 15:37:59,386] {bash_operator.py:103} INFO - Temporary script location: /tmp/airflowtmpndz409wv/modeling4m3avs3s
[2020-06-12 15:37:59,386] {bash_operator.py:115} INFO - Running command: python /home/vinicius/Documents/Projetos/Claro/Piloto/git_Homologação/src/modeling/run.py
[2020-06-12 15:37:59,393] {bash_operator.py:122} INFO - Output:
[2020-06-12 15:39:24,682] {bash_operator.py:126} INFO - Treinando modelo KN_Test_2
[2020-06-12 15:39:24,682] {bash_operator.py:126} INFO - Dados do mlflow salvos em: file:///tmp/airflowtmpndz409wv/mlruns
[2020-06-12 15:39:24,682] {bash_operator.py:126} INFO - INFO: 'Test_model' does not exist. Creating a new experiment
[2020-06-12 15:39:24,682] {bash_operator.py:126} INFO - Treinando modelo KN_4
[2020-06-12 15:39:24,682] {bash_operator.py:126} INFO - Dados do mlflow salvos em: file:///tmp/airflowtmpndz409wv/mlruns
[2020-06-12 15:39:24,682] {bash_operator.py:126} INFO - Treinando modelo test_LR
[2020-06-12 15:39:24,682] {bash_operator.py:126} INFO - Dados do mlflow salvos em: file:///tmp/airflowtmpndz409wv/mlruns
[2020-06-12 15:39:24,682] {bash_operator.py:126} INFO - Tabela salva em /home/vinicius/Documents/Projetos/Claro/Piloto/git_Homologação/src/modeling/output/model_output_87164.csv
[2020-06-12 15:39:24,682] {bash_operator.py:126} INFO - dados dos modelos salvos em /home/vinicius/Documents/Projetos/Claro/Piloto/git_Homologação/src/modeling/output/model_output_87164.csv
[2020-06-12 15:39:25,019] {bash_operator.py:128} INFO - Command exited with return code 0
[2020-06-12 15:39:25,048] {taskinstance.py:1052} INFO - Marking task as SUCCESS.dag_id=dataops, task_id=modeling, execution_date=20200611T000000, start_date=20200612T183759, end_date=20200612T183925
[2020-06-12 15:39:29,874] {logging_mixin.py:112} INFO - [2020-06-12 15:39:29,874] {local_task_job.py:103} INFO - Task exited with return code 0
