[2020-06-11 02:54:30,731] {taskinstance.py:669} INFO - Dependencies all met for <TaskInstance: dataops.modeling 2020-06-11T00:00:00+00:00 [queued]>
[2020-06-11 02:54:30,762] {taskinstance.py:669} INFO - Dependencies all met for <TaskInstance: dataops.modeling 2020-06-11T00:00:00+00:00 [queued]>
[2020-06-11 02:54:30,762] {taskinstance.py:879} INFO - 
--------------------------------------------------------------------------------
[2020-06-11 02:54:30,762] {taskinstance.py:880} INFO - Starting attempt 2 of 5
[2020-06-11 02:54:30,762] {taskinstance.py:881} INFO - 
--------------------------------------------------------------------------------
[2020-06-11 02:54:30,791] {taskinstance.py:900} INFO - Executing <Task(BashOperator): modeling> on 2020-06-11T00:00:00+00:00
[2020-06-11 02:54:30,799] {standard_task_runner.py:53} INFO - Started process 14190 to run task
[2020-06-11 02:54:30,895] {logging_mixin.py:112} INFO - Running %s on host %s <TaskInstance: dataops.modeling 2020-06-11T00:00:00+00:00 [running]> vinicius-Latitude-3480
[2020-06-11 02:54:30,921] {bash_operator.py:82} INFO - Tmp dir root location: 
 /tmp
[2020-06-11 02:54:30,922] {bash_operator.py:105} INFO - Temporary script location: /tmp/airflowtmplq510dkt/modelingvchne357
[2020-06-11 02:54:30,922] {bash_operator.py:115} INFO - Running command: python /home/vinicius/Documents/Projetos/Claro/Piloto/git_Homologação/src/modeling/run.py
[2020-06-11 02:54:30,929] {bash_operator.py:122} INFO - Output:
[2020-06-11 02:55:41,174] {bash_operator.py:126} INFO - Treinando modelo KNeighborsRegressor
[2020-06-11 02:55:41,174] {bash_operator.py:126} INFO - INFO: 'Test_model' does not exist. Creating a new experiment
[2020-06-11 02:55:41,174] {bash_operator.py:126} INFO - Treinando modelo LinearRegression
[2020-06-11 02:55:41,174] {bash_operator.py:126} INFO - Tabela salva em /home/vinicius/Documents/Projetos/Claro/Piloto/git_Homologação/src/modeling/output/model_output_54941.csv
[2020-06-11 02:55:41,174] {bash_operator.py:126} INFO - dados dos modelos salvos em /home/vinicius/Documents/Projetos/Claro/Piloto/git_Homologação/src/modeling/output/model_output_54941.csv
[2020-06-11 02:55:41,496] {bash_operator.py:130} INFO - Command exited with return code 0
[2020-06-11 02:55:41,579] {taskinstance.py:1065} INFO - Marking task as SUCCESS.dag_id=dataops, task_id=modeling, execution_date=20200611T000000, start_date=20200611T055430, end_date=20200611T055541
[2020-06-11 02:55:46,633] {logging_mixin.py:112} INFO - [2020-06-11 02:55:46,632] {local_task_job.py:103} INFO - Task exited with return code 0
